BEGIN: Sun 05 Nov 2023 06:09:06 PM UTC
Netgen 1.5.254 compiled on Sat Nov  4 21:03:31 UTC 2023
Warning: netgen command 'format' use fully-qualified name '::netgen::format'
Warning: netgen command 'global' use fully-qualified name '::netgen::global'
Reading layout /Users/karthikmb/Iceberg-dir/inventory/ikarthikmb-github/ai-design-congest-oct-2023/ai_solar_panel_monitor/lvs/user_project_wrapper/lvs_results/2023-11-05-17-59-20/tmp/ext/user_project_wrapper.gds.spice...
Call to undefined subcircuit sky130_fd_pr__pfet_01v8_hvt
Creating placeholder cell definition.
Call to undefined subcircuit sky130_fd_pr__nfet_01v8
Creating placeholder cell definition.
Reading source /Users/karthikmb/Iceberg-dir/inventory/ikarthikmb-github/ai-design-congest-oct-2023/ai_solar_panel_monitor/dependencies/pdks/sky130A/libs.ref/sky130_fd_sc_hd/spice/sky130_ef_sc_hd__decap_12.spice...
Call to undefined subcircuit sky130_fd_pr__pfet_01v8_hvt
Creating placeholder cell definition.
Call to undefined subcircuit sky130_fd_pr__nfet_01v8
Creating placeholder cell definition.
Reading source /Users/karthikmb/Iceberg-dir/inventory/ikarthikmb-github/ai-design-congest-oct-2023/ai_solar_panel_monitor/dependencies/pdks/sky130A/libs.ref/sky130_fd_sc_hd/spice/sky130_fd_sc_hd.spice...
Call to undefined subcircuit sky130_fd_sc_hd__nand2_2
Creating placeholder cell definition.
Call to undefined subcircuit sky130_fd_sc_hd__nor2_2
Creating placeholder cell definition.
Reading source /Users/karthikmb/Iceberg-dir/inventory/ikarthikmb-github/ai-design-congest-oct-2023/ai_solar_panel_monitor/verilog/gl/user_proj_example.v...
Warning:  A case-insensitive file has been read and so the	verilog file must be treated case-insensitive to match.
Note:  Implicit pin HI in instance user_proj_example_145 of sky130_fd_sc_hd__conb_1 in cell user_proj_example
Note:  Implicit pin HI in instance user_proj_example_146 of sky130_fd_sc_hd__conb_1 in cell user_proj_example
Note:  Implicit pin HI in instance user_proj_example_147 of sky130_fd_sc_hd__conb_1 in cell user_proj_example
Note:  Implicit pin HI in instance user_proj_example_148 of sky130_fd_sc_hd__conb_1 in cell user_proj_example
Note:  Implicit pin HI in instance user_proj_example_149 of sky130_fd_sc_hd__conb_1 in cell user_proj_example
Note:  Implicit pin HI in instance user_proj_example_150 of sky130_fd_sc_hd__conb_1 in cell user_proj_example
Note:  Implicit pin HI in instance user_proj_example_151 of sky130_fd_sc_hd__conb_1 in cell user_proj_example
Note:  Implicit pin HI in instance user_proj_example_152 of sky130_fd_sc_hd__conb_1 in cell user_proj_example
Note:  Implicit pin HI in instance user_proj_example_153 of sky130_fd_sc_hd__conb_1 in cell user_proj_example
Note:  Implicit pin HI in instance user_proj_example_154 of sky130_fd_sc_hd__conb_1 in cell user_proj_example
Note:  Implicit pin HI in instance user_proj_example_155 of sky130_fd_sc_hd__conb_1 in cell user_proj_example
Note:  Implicit pin HI in instance user_proj_example_156 of sky130_fd_sc_hd__conb_1 in cell user_proj_example
Note:  Implicit pin HI in instance user_proj_example_157 of sky130_fd_sc_hd__conb_1 in cell user_proj_example
Note:  Implicit pin HI in instance user_proj_example_158 of sky130_fd_sc_hd__conb_1 in cell user_proj_example
Note:  Implicit pin HI in instance user_proj_example_159 of sky130_fd_sc_hd__conb_1 in cell user_proj_example
Note:  Implicit pin HI in instance user_proj_example_160 of sky130_fd_sc_hd__conb_1 in cell user_proj_example
Note:  Implicit pin HI in instance user_proj_example_161 of sky130_fd_sc_hd__conb_1 in cell user_proj_example
Note:  Implicit pin HI in instance user_proj_example_162 of sky130_fd_sc_hd__conb_1 in cell user_proj_example
Note:  Implicit pin HI in instance user_proj_example_163 of sky130_fd_sc_hd__conb_1 in cell user_proj_example
Note:  Implicit pin HI in instance user_proj_example_164 of sky130_fd_sc_hd__conb_1 in cell user_proj_example
Note:  Implicit pin HI in instance user_proj_example_165 of sky130_fd_sc_hd__conb_1 in cell user_proj_example
Note:  Implicit pin HI in instance user_proj_example_166 of sky130_fd_sc_hd__conb_1 in cell user_proj_example
Note:  Implicit pin HI in instance user_proj_example_167 of sky130_fd_sc_hd__conb_1 in cell user_proj_example
Note:  Implicit pin HI in instance user_proj_example_168 of sky130_fd_sc_hd__conb_1 in cell user_proj_example
Note:  Implicit pin HI in instance user_proj_example_169 of sky130_fd_sc_hd__conb_1 in cell user_proj_example
Note:  Implicit pin HI in instance user_proj_example_170 of sky130_fd_sc_hd__conb_1 in cell user_proj_example
Note:  Implicit pin HI in instance user_proj_example_171 of sky130_fd_sc_hd__conb_1 in cell user_proj_example
Note:  Implicit pin HI in instance user_proj_example_172 of sky130_fd_sc_hd__conb_1 in cell user_proj_example
Note:  Implicit pin HI in instance user_proj_example_173 of sky130_fd_sc_hd__conb_1 in cell user_proj_example
Note:  Implicit pin HI in instance user_proj_example_174 of sky130_fd_sc_hd__conb_1 in cell user_proj_example
Note:  Implicit pin HI in instance user_proj_example_175 of sky130_fd_sc_hd__conb_1 in cell user_proj_example
Note:  Implicit pin HI in instance user_proj_example_176 of sky130_fd_sc_hd__conb_1 in cell user_proj_example
Note:  Implicit pin HI in instance user_proj_example_177 of sky130_fd_sc_hd__conb_1 in cell user_proj_example
Note:  Implicit pin HI in instance user_proj_example_178 of sky130_fd_sc_hd__conb_1 in cell user_proj_example
Note:  Implicit pin HI in instance user_proj_example_179 of sky130_fd_sc_hd__conb_1 in cell user_proj_example
Note:  Implicit pin HI in instance user_proj_example_180 of sky130_fd_sc_hd__conb_1 in cell user_proj_example
Note:  Implicit pin HI in instance user_proj_example_181 of sky130_fd_sc_hd__conb_1 in cell user_proj_example
Note:  Implicit pin HI in instance user_proj_example_182 of sky130_fd_sc_hd__conb_1 in cell user_proj_example
Note:  Implicit pin HI in instance user_proj_example_183 of sky130_fd_sc_hd__conb_1 in cell user_proj_example
Note:  Implicit pin HI in instance user_proj_example_184 of sky130_fd_sc_hd__conb_1 in cell user_proj_example
Note:  Implicit pin HI in instance user_proj_example_185 of sky130_fd_sc_hd__conb_1 in cell user_proj_example
Note:  Implicit pin HI in instance user_proj_example_186 of sky130_fd_sc_hd__conb_1 in cell user_proj_example
Note:  Implicit pin HI in instance user_proj_example_187 of sky130_fd_sc_hd__conb_1 in cell user_proj_example
Note:  Implicit pin HI in instance user_proj_example_188 of sky130_fd_sc_hd__conb_1 in cell user_proj_example
Note:  Implicit pin HI in instance user_proj_example_189 of sky130_fd_sc_hd__conb_1 in cell user_proj_example
Note:  Implicit pin HI in instance user_proj_example_190 of sky130_fd_sc_hd__conb_1 in cell user_proj_example
Note:  Implicit pin HI in instance user_proj_example_191 of sky130_fd_sc_hd__conb_1 in cell user_proj_example
Note:  Implicit pin HI in instance user_proj_example_192 of sky130_fd_sc_hd__conb_1 in cell user_proj_example
Note:  Implicit pin HI in instance user_proj_example_193 of sky130_fd_sc_hd__conb_1 in cell user_proj_example
Note:  Implicit pin HI in instance user_proj_example_194 of sky130_fd_sc_hd__conb_1 in cell user_proj_example
Note:  Implicit pin HI in instance user_proj_example_195 of sky130_fd_sc_hd__conb_1 in cell user_proj_example
Note:  Implicit pin HI in instance user_proj_example_196 of sky130_fd_sc_hd__conb_1 in cell user_proj_example
Note:  Implicit pin HI in instance user_proj_example_197 of sky130_fd_sc_hd__conb_1 in cell user_proj_example
Note:  Implicit pin HI in instance user_proj_example_198 of sky130_fd_sc_hd__conb_1 in cell user_proj_example
Note:  Implicit pin HI in instance user_proj_example_199 of sky130_fd_sc_hd__conb_1 in cell user_proj_example
Note:  Implicit pin HI in instance user_proj_example_200 of sky130_fd_sc_hd__conb_1 in cell user_proj_example
Note:  Implicit pin HI in instance user_proj_example_201 of sky130_fd_sc_hd__conb_1 in cell user_proj_example
Note:  Implicit pin HI in instance user_proj_example_202 of sky130_fd_sc_hd__conb_1 in cell user_proj_example
Note:  Implicit pin HI in instance user_proj_example_203 of sky130_fd_sc_hd__conb_1 in cell user_proj_example
Note:  Implicit pin HI in instance user_proj_example_204 of sky130_fd_sc_hd__conb_1 in cell user_proj_example
Note:  Implicit pin HI in instance user_proj_example_205 of sky130_fd_sc_hd__conb_1 in cell user_proj_example
Note:  Implicit pin HI in instance user_proj_example_206 of sky130_fd_sc_hd__conb_1 in cell user_proj_example
Note:  Implicit pin HI in instance user_proj_example_207 of sky130_fd_sc_hd__conb_1 in cell user_proj_example
Note:  Implicit pin HI in instance user_proj_example_208 of sky130_fd_sc_hd__conb_1 in cell user_proj_example
Note:  Implicit pin HI in instance user_proj_example_209 of sky130_fd_sc_hd__conb_1 in cell user_proj_example
Note:  Implicit pin HI in instance user_proj_example_210 of sky130_fd_sc_hd__conb_1 in cell user_proj_example
Note:  Implicit pin HI in instance user_proj_example_211 of sky130_fd_sc_hd__conb_1 in cell user_proj_example
Note:  Implicit pin HI in instance user_proj_example_212 of sky130_fd_sc_hd__conb_1 in cell user_proj_example
Note:  Implicit pin HI in instance user_proj_example_213 of sky130_fd_sc_hd__conb_1 in cell user_proj_example
Note:  Implicit pin HI in instance user_proj_example_214 of sky130_fd_sc_hd__conb_1 in cell user_proj_example
Note:  Implicit pin HI in instance user_proj_example_215 of sky130_fd_sc_hd__conb_1 in cell user_proj_example
Note:  Implicit pin HI in instance user_proj_example_216 of sky130_fd_sc_hd__conb_1 in cell user_proj_example
Note:  Implicit pin HI in instance user_proj_example_217 of sky130_fd_sc_hd__conb_1 in cell user_proj_example
Note:  Implicit pin HI in instance user_proj_example_218 of sky130_fd_sc_hd__conb_1 in cell user_proj_example
Note:  Implicit pin HI in instance user_proj_example_219 of sky130_fd_sc_hd__conb_1 in cell user_proj_example
Note:  Implicit pin HI in instance user_proj_example_220 of sky130_fd_sc_hd__conb_1 in cell user_proj_example
Note:  Implicit pin HI in instance user_proj_example_221 of sky130_fd_sc_hd__conb_1 in cell user_proj_example
Note:  Implicit pin HI in instance user_proj_example_222 of sky130_fd_sc_hd__conb_1 in cell user_proj_example
Note:  Implicit pin HI in instance user_proj_example_223 of sky130_fd_sc_hd__conb_1 in cell user_proj_example
Note:  Implicit pin HI in instance user_proj_example_224 of sky130_fd_sc_hd__conb_1 in cell user_proj_example
Note:  Implicit pin HI in instance user_proj_example_225 of sky130_fd_sc_hd__conb_1 in cell user_proj_example
Note:  Implicit pin HI in instance user_proj_example_226 of sky130_fd_sc_hd__conb_1 in cell user_proj_example
Note:  Implicit pin HI in instance user_proj_example_227 of sky130_fd_sc_hd__conb_1 in cell user_proj_example
Note:  Implicit pin HI in instance user_proj_example_228 of sky130_fd_sc_hd__conb_1 in cell user_proj_example
Note:  Implicit pin HI in instance user_proj_example_229 of sky130_fd_sc_hd__conb_1 in cell user_proj_example
Note:  Implicit pin HI in instance user_proj_example_230 of sky130_fd_sc_hd__conb_1 in cell user_proj_example
Note:  Implicit pin HI in instance user_proj_example_231 of sky130_fd_sc_hd__conb_1 in cell user_proj_example
Note:  Implicit pin HI in instance user_proj_example_232 of sky130_fd_sc_hd__conb_1 in cell user_proj_example
Note:  Implicit pin HI in instance user_proj_example_233 of sky130_fd_sc_hd__conb_1 in cell user_proj_example
Note:  Implicit pin HI in instance user_proj_example_234 of sky130_fd_sc_hd__conb_1 in cell user_proj_example
Note:  Implicit pin HI in instance user_proj_example_235 of sky130_fd_sc_hd__conb_1 in cell user_proj_example
Note:  Implicit pin HI in instance user_proj_example_236 of sky130_fd_sc_hd__conb_1 in cell user_proj_example
Note:  Implicit pin HI in instance user_proj_example_237 of sky130_fd_sc_hd__conb_1 in cell user_proj_example
Note:  Implicit pin HI in instance user_proj_example_238 of sky130_fd_sc_hd__conb_1 in cell user_proj_example
Note:  Implicit pin HI in instance user_proj_example_239 of sky130_fd_sc_hd__conb_1 in cell user_proj_example
Note:  Implicit pin HI in instance user_proj_example_240 of sky130_fd_sc_hd__conb_1 in cell user_proj_example
Note:  Implicit pin HI in instance user_proj_example_241 of sky130_fd_sc_hd__conb_1 in cell user_proj_example
Note:  Implicit pin HI in instance user_proj_example_242 of sky130_fd_sc_hd__conb_1 in cell user_proj_example
Note:  Implicit pin HI in instance user_proj_example_243 of sky130_fd_sc_hd__conb_1 in cell user_proj_example
Note:  Implicit pin HI in instance user_proj_example_244 of sky130_fd_sc_hd__conb_1 in cell user_proj_example
Note:  Implicit pin HI in instance user_proj_example_245 of sky130_fd_sc_hd__conb_1 in cell user_proj_example
Note:  Implicit pin HI in instance user_proj_example_246 of sky130_fd_sc_hd__conb_1 in cell user_proj_example
Note:  Implicit pin HI in instance user_proj_example_247 of sky130_fd_sc_hd__conb_1 in cell user_proj_example
Note:  Implicit pin HI in instance user_proj_example_248 of sky130_fd_sc_hd__conb_1 in cell user_proj_example
Note:  Implicit pin HI in instance user_proj_example_249 of sky130_fd_sc_hd__conb_1 in cell user_proj_example
Note:  Implicit pin HI in instance user_proj_example_250 of sky130_fd_sc_hd__conb_1 in cell user_proj_example
Note:  Implicit pin HI in instance user_proj_example_251 of sky130_fd_sc_hd__conb_1 in cell user_proj_example
Note:  Implicit pin HI in instance user_proj_example_252 of sky130_fd_sc_hd__conb_1 in cell user_proj_example
Note:  Implicit pin HI in instance user_proj_example_253 of sky130_fd_sc_hd__conb_1 in cell user_proj_example
Note:  Implicit pin HI in instance user_proj_example_254 of sky130_fd_sc_hd__conb_1 in cell user_proj_example
Note:  Implicit pin HI in instance user_proj_example_255 of sky130_fd_sc_hd__conb_1 in cell user_proj_example
Note:  Implicit pin HI in instance user_proj_example_256 of sky130_fd_sc_hd__conb_1 in cell user_proj_example
Note:  Implicit pin HI in instance user_proj_example_257 of sky130_fd_sc_hd__conb_1 in cell user_proj_example
Note:  Implicit pin HI in instance user_proj_example_258 of sky130_fd_sc_hd__conb_1 in cell user_proj_example
Note:  Implicit pin HI in instance user_proj_example_259 of sky130_fd_sc_hd__conb_1 in cell user_proj_example
Note:  Implicit pin HI in instance user_proj_example_260 of sky130_fd_sc_hd__conb_1 in cell user_proj_example
Note:  Implicit pin HI in instance user_proj_example_261 of sky130_fd_sc_hd__conb_1 in cell user_proj_example
Note:  Implicit pin HI in instance user_proj_example_262 of sky130_fd_sc_hd__conb_1 in cell user_proj_example
Note:  Implicit pin HI in instance user_proj_example_263 of sky130_fd_sc_hd__conb_1 in cell user_proj_example
Note:  Implicit pin HI in instance user_proj_example_264 of sky130_fd_sc_hd__conb_1 in cell user_proj_example
Note:  Implicit pin HI in instance user_proj_example_265 of sky130_fd_sc_hd__conb_1 in cell user_proj_example
Note:  Implicit pin HI in instance user_proj_example_266 of sky130_fd_sc_hd__conb_1 in cell user_proj_example
Note:  Implicit pin HI in instance user_proj_example_267 of sky130_fd_sc_hd__conb_1 in cell user_proj_example
Note:  Implicit pin HI in instance user_proj_example_268 of sky130_fd_sc_hd__conb_1 in cell user_proj_example
Note:  Implicit pin HI in instance user_proj_example_269 of sky130_fd_sc_hd__conb_1 in cell user_proj_example
Note:  Implicit pin HI in instance user_proj_example_270 of sky130_fd_sc_hd__conb_1 in cell user_proj_example
Note:  Implicit pin HI in instance user_proj_example_271 of sky130_fd_sc_hd__conb_1 in cell user_proj_example
Note:  Implicit pin HI in instance user_proj_example_272 of sky130_fd_sc_hd__conb_1 in cell user_proj_example
Note:  Implicit pin HI in instance user_proj_example_273 of sky130_fd_sc_hd__conb_1 in cell user_proj_example
Note:  Implicit pin HI in instance user_proj_example_274 of sky130_fd_sc_hd__conb_1 in cell user_proj_example
Note:  Implicit pin HI in instance user_proj_example_275 of sky130_fd_sc_hd__conb_1 in cell user_proj_example
Reading source /Users/karthikmb/Iceberg-dir/inventory/ikarthikmb-github/ai-design-congest-oct-2023/ai_solar_panel_monitor/verilog/gl/user_project_wrapper.v...
Warning:  A case-insensitive file has been read and so the	verilog file must be treated case-insensitive to match.
Creating placeholder cell definition for module user_proj_solar.
Treating empty subcircuits as black-box cells
Generating JSON file result

Reading setup file /Users/karthikmb/Iceberg-dir/inventory/ikarthikmb-github/ai-design-congest-oct-2023/ai_solar_panel_monitor/lvs/user_project_wrapper/lvs_results/2023-11-05-17-59-20/tmp/sky130A_setup.tcl

Model sky130_fd_pr__res_generic_po pin end_a == end_b
No property mult found for device sky130_fd_pr__res_generic_po
Model sky130_fd_pr__res_generic_po pin end_a == end_b
No property mult found for device sky130_fd_pr__res_generic_po
Model sky130_fd_pr__nfet_01v8 pin 1 == 3
No property mult found for device sky130_fd_pr__nfet_01v8
No property sa found for device sky130_fd_pr__nfet_01v8
No property sb found for device sky130_fd_pr__nfet_01v8
No property sd found for device sky130_fd_pr__nfet_01v8
No property nf found for device sky130_fd_pr__nfet_01v8
No property nrd found for device sky130_fd_pr__nfet_01v8
No property nrs found for device sky130_fd_pr__nfet_01v8
No property area found for device sky130_fd_pr__nfet_01v8
No property perim found for device sky130_fd_pr__nfet_01v8
No property topography found for device sky130_fd_pr__nfet_01v8
Model sky130_fd_pr__nfet_01v8 pin 1 == 3
No property mult found for device sky130_fd_pr__nfet_01v8
No property sa found for device sky130_fd_pr__nfet_01v8
No property sb found for device sky130_fd_pr__nfet_01v8
No property sd found for device sky130_fd_pr__nfet_01v8
No property nf found for device sky130_fd_pr__nfet_01v8
No property nrd found for device sky130_fd_pr__nfet_01v8
No property nrs found for device sky130_fd_pr__nfet_01v8
No property area found for device sky130_fd_pr__nfet_01v8
No property perim found for device sky130_fd_pr__nfet_01v8
No property topography found for device sky130_fd_pr__nfet_01v8
Model sky130_fd_pr__pfet_01v8_hvt pin 1 == 3
No property mult found for device sky130_fd_pr__pfet_01v8_hvt
No property sa found for device sky130_fd_pr__pfet_01v8_hvt
No property sb found for device sky130_fd_pr__pfet_01v8_hvt
No property sd found for device sky130_fd_pr__pfet_01v8_hvt
No property nf found for device sky130_fd_pr__pfet_01v8_hvt
No property nrd found for device sky130_fd_pr__pfet_01v8_hvt
No property nrs found for device sky130_fd_pr__pfet_01v8_hvt
No property area found for device sky130_fd_pr__pfet_01v8_hvt
No property perim found for device sky130_fd_pr__pfet_01v8_hvt
No property topography found for device sky130_fd_pr__pfet_01v8_hvt
Model sky130_fd_pr__pfet_01v8_hvt pin 1 == 3
No property mult found for device sky130_fd_pr__pfet_01v8_hvt
No property sa found for device sky130_fd_pr__pfet_01v8_hvt
No property sb found for device sky130_fd_pr__pfet_01v8_hvt
No property sd found for device sky130_fd_pr__pfet_01v8_hvt
No property nf found for device sky130_fd_pr__pfet_01v8_hvt
No property nrd found for device sky130_fd_pr__pfet_01v8_hvt
No property nrs found for device sky130_fd_pr__pfet_01v8_hvt
No property area found for device sky130_fd_pr__pfet_01v8_hvt
No property perim found for device sky130_fd_pr__pfet_01v8_hvt
No property topography found for device sky130_fd_pr__pfet_01v8_hvt
No property value found for device sky130_fd_pr__diode_pw2nd_05v5
No property mult found for device sky130_fd_pr__diode_pw2nd_05v5
No property perim found for device sky130_fd_pr__diode_pw2nd_05v5
No property value found for device sky130_fd_pr__diode_pw2nd_05v5
No property mult found for device sky130_fd_pr__diode_pw2nd_05v5
No property perim found for device sky130_fd_pr__diode_pw2nd_05v5
Matching pins of sky130_fd_pr__nfet_01v8 in circuits 1 and 2

Subcircuit pins:
Circuit 1: sky130_fd_pr__nfet_01v8                                                |Circuit 2: sky130_fd_pr__nfet_01v8                                                
----------------------------------------------------------------------------------|----------------------------------------------------------------------------------
1                                                                                 |1                                                                                 
2                                                                                 |2                                                                                 
3                                                                                 |3                                                                                 
4                                                                                 |4                                                                                 
---------------------------------------------------------------------------------------------------------------------------------------------------------------------
Cell pin lists are equivalent.
Matching pins of sky130_fd_pr__pfet_01v8_hvt in circuits 1 and 2

Subcircuit pins:
Circuit 1: sky130_fd_pr__pfet_01v8_hvt                                            |Circuit 2: sky130_fd_pr__pfet_01v8_hvt                                            
----------------------------------------------------------------------------------|----------------------------------------------------------------------------------
1                                                                                 |1                                                                                 
2                                                                                 |2                                                                                 
3                                                                                 |3                                                                                 
4                                                                                 |4                                                                                 
---------------------------------------------------------------------------------------------------------------------------------------------------------------------
Cell pin lists are equivalent.
Comparison output logged to file /Users/karthikmb/Iceberg-dir/inventory/ikarthikmb-github/ai-design-congest-oct-2023/ai_solar_panel_monitor/lvs/user_project_wrapper/lvs_results/2023-11-05-17-59-20/tmp/lvs.report
Logging to file "/Users/karthikmb/Iceberg-dir/inventory/ikarthikmb-github/ai-design-congest-oct-2023/ai_solar_panel_monitor/lvs/user_project_wrapper/lvs_results/2023-11-05-17-59-20/tmp/lvs.report" enabled
Circuit sky130_fd_pr__pfet_01v8_hvt contains no devices.
Circuit sky130_fd_pr__nfet_01v8 contains no devices.

Contents of circuit 1:  Circuit: 'sky130_fd_sc_hd__fill_2'
Circuit sky130_fd_sc_hd__fill_2 contains 0 device instances.
Circuit contains 0 nets, and 4 disconnected pins.
Contents of circuit 2:  Circuit: 'sky130_fd_sc_hd__fill_2'
Circuit sky130_fd_sc_hd__fill_2 contains 0 device instances.
Circuit contains 0 nets, and 4 disconnected pins.

Circuit sky130_fd_sc_hd__fill_2 contains no devices.

Contents of circuit 1:  Circuit: 'sky130_fd_sc_hd__tapvpwrvgnd_1'
Circuit sky130_fd_sc_hd__tapvpwrvgnd_1 contains 0 device instances.
Circuit contains 0 nets, and 2 disconnected pins.
Contents of circuit 2:  Circuit: 'sky130_fd_sc_hd__tapvpwrvgnd_1'
Circuit sky130_fd_sc_hd__tapvpwrvgnd_1 contains 0 device instances.
Circuit contains 0 nets, and 2 disconnected pins.

Circuit sky130_fd_sc_hd__tapvpwrvgnd_1 contains no devices.

Contents of circuit 1:  Circuit: 'sky130_fd_sc_hd__fill_1'
Circuit sky130_fd_sc_hd__fill_1 contains 0 device instances.
Circuit contains 0 nets, and 4 disconnected pins.
Contents of circuit 2:  Circuit: 'sky130_fd_sc_hd__fill_1'
Circuit sky130_fd_sc_hd__fill_1 contains 0 device instances.
Circuit contains 0 nets, and 4 disconnected pins.

Circuit sky130_fd_sc_hd__fill_1 contains no devices.

Contents of circuit 1:  Circuit: 'sky130_ef_sc_hd__decap_12'
Circuit sky130_ef_sc_hd__decap_12 contains 2 device instances.
  Class: sky130_fd_pr__nfet_01v8 instances:   1
  Class: sky130_fd_pr__pfet_01v8_hvt instances:   1
Circuit contains 4 nets.
Contents of circuit 2:  Circuit: 'sky130_ef_sc_hd__decap_12'
Circuit sky130_ef_sc_hd__decap_12 contains 2 device instances.
  Class: sky130_fd_pr__nfet_01v8 instances:   1
  Class: sky130_fd_pr__pfet_01v8_hvt instances:   1
Circuit contains 4 nets.

Circuit 1 contains 2 devices, Circuit 2 contains 2 devices.
Circuit 1 contains 4 nets,    Circuit 2 contains 4 nets.


Contents of circuit 1:  Circuit: 'sky130_fd_sc_hd__decap_6'
Circuit sky130_fd_sc_hd__decap_6 contains 2 device instances.
  Class: sky130_fd_pr__nfet_01v8 instances:   1
  Class: sky130_fd_pr__pfet_01v8_hvt instances:   1
Circuit contains 4 nets.
Contents of circuit 2:  Circuit: 'sky130_fd_sc_hd__decap_6'
Circuit sky130_fd_sc_hd__decap_6 contains 2 device instances.
  Class: sky130_fd_pr__nfet_01v8 instances:   1
  Class: sky130_fd_pr__pfet_01v8_hvt instances:   1
Circuit contains 4 nets.

Circuit 1 contains 2 devices, Circuit 2 contains 2 devices.
Circuit 1 contains 4 nets,    Circuit 2 contains 4 nets.


Contents of circuit 1:  Circuit: 'sky130_fd_sc_hd__decap_3'
Circuit sky130_fd_sc_hd__decap_3 contains 2 device instances.
  Class: sky130_fd_pr__nfet_01v8 instances:   1
  Class: sky130_fd_pr__pfet_01v8_hvt instances:   1
Circuit contains 4 nets.
Contents of circuit 2:  Circuit: 'sky130_fd_sc_hd__decap_3'
Circuit sky130_fd_sc_hd__decap_3 contains 2 device instances.
  Class: sky130_fd_pr__nfet_01v8 instances:   1
  Class: sky130_fd_pr__pfet_01v8_hvt instances:   1
Circuit contains 4 nets.

Circuit 1 contains 2 devices, Circuit 2 contains 2 devices.
Circuit 1 contains 4 nets,    Circuit 2 contains 4 nets.


Contents of circuit 1:  Circuit: 'sky130_fd_sc_hd__decap_4'
Circuit sky130_fd_sc_hd__decap_4 contains 2 device instances.
  Class: sky130_fd_pr__nfet_01v8 instances:   1
  Class: sky130_fd_pr__pfet_01v8_hvt instances:   1
Circuit contains 4 nets.
Contents of circuit 2:  Circuit: 'sky130_fd_sc_hd__decap_4'
Circuit sky130_fd_sc_hd__decap_4 contains 2 device instances.
  Class: sky130_fd_pr__nfet_01v8 instances:   1
  Class: sky130_fd_pr__pfet_01v8_hvt instances:   1
Circuit contains 4 nets.

Circuit 1 contains 2 devices, Circuit 2 contains 2 devices.
Circuit 1 contains 4 nets,    Circuit 2 contains 4 nets.


Contents of circuit 1:  Circuit: 'sky130_fd_sc_hd__decap_8'
Circuit sky130_fd_sc_hd__decap_8 contains 2 device instances.
  Class: sky130_fd_pr__nfet_01v8 instances:   1
  Class: sky130_fd_pr__pfet_01v8_hvt instances:   1
Circuit contains 4 nets.
Contents of circuit 2:  Circuit: 'sky130_fd_sc_hd__decap_8'
Circuit sky130_fd_sc_hd__decap_8 contains 2 device instances.
  Class: sky130_fd_pr__nfet_01v8 instances:   1
  Class: sky130_fd_pr__pfet_01v8_hvt instances:   1
Circuit contains 4 nets.

Circuit 1 contains 2 devices, Circuit 2 contains 2 devices.
Circuit 1 contains 4 nets,    Circuit 2 contains 4 nets.


Contents of circuit 1:  Circuit: 'sky130_fd_sc_hd__inv_2'
Circuit sky130_fd_sc_hd__inv_2 contains 2 device instances.
  Class: sky130_fd_pr__nfet_01v8 instances:   1
  Class: sky130_fd_pr__pfet_01v8_hvt instances:   1
Circuit contains 6 nets.
Contents of circuit 2:  Circuit: 'sky130_fd_sc_hd__inv_2'
Circuit sky130_fd_sc_hd__inv_2 contains 4 device instances.
  Class: sky130_fd_pr__nfet_01v8 instances:   2
  Class: sky130_fd_pr__pfet_01v8_hvt instances:   2
Circuit contains 6 nets.

Circuit was modified by parallel/series device merging.
New circuit summary:

Contents of circuit 1:  Circuit: 'sky130_fd_sc_hd__inv_2'
Circuit sky130_fd_sc_hd__inv_2 contains 2 device instances.
  Class: sky130_fd_pr__nfet_01v8 instances:   1
  Class: sky130_fd_pr__pfet_01v8_hvt instances:   1
Circuit contains 6 nets.
Contents of circuit 2:  Circuit: 'sky130_fd_sc_hd__inv_2'
Circuit sky130_fd_sc_hd__inv_2 contains 2 device instances.
  Class: sky130_fd_pr__nfet_01v8 instances:   1
  Class: sky130_fd_pr__pfet_01v8_hvt instances:   1
Circuit contains 6 nets.

Circuit 1 contains 2 devices, Circuit 2 contains 2 devices.
Circuit 1 contains 6 nets,    Circuit 2 contains 6 nets.


Contents of circuit 1:  Circuit: 'sky130_fd_sc_hd__diode_2'
Circuit sky130_fd_sc_hd__diode_2 contains 1 device instances.
  Class: sky130_fd_pr__diode_pw2nd_05v5 instances:   1
Circuit contains 2 nets, and 3 disconnected pins.
Contents of circuit 2:  Circuit: 'sky130_fd_sc_hd__diode_2'
Circuit sky130_fd_sc_hd__diode_2 contains 1 device instances.
  Class: sky130_fd_pr__diode_pw2nd_05v5 instances:   1
Circuit contains 2 nets, and 3 disconnected pins.

Circuit 1 contains 1 devices, Circuit 2 contains 1 devices.
Circuit 1 contains 2 nets,    Circuit 2 contains 2 nets.


Contents of circuit 1:  Circuit: 'sky130_fd_sc_hd__conb_1'
Circuit sky130_fd_sc_hd__conb_1 contains 2 device instances.
  Class: sky130_fd_pr__res_generic_po instances:   2
Circuit contains 4 nets, and 2 disconnected pins.
Contents of circuit 2:  Circuit: 'sky130_fd_sc_hd__conb_1'
Circuit sky130_fd_sc_hd__conb_1 contains 2 device instances.
  Class: sky130_fd_pr__res_generic_po instances:   2
Circuit contains 4 nets, and 2 disconnected pins.

Circuit 1 contains 2 devices, Circuit 2 contains 2 devices.
Circuit 1 contains 4 nets,    Circuit 2 contains 4 nets.


Contents of circuit 1:  Circuit: 'sky130_fd_sc_hd__dlygate4sd3_1'
Circuit sky130_fd_sc_hd__dlygate4sd3_1 contains 8 device instances.
  Class: sky130_fd_pr__nfet_01v8 instances:   4
  Class: sky130_fd_pr__pfet_01v8_hvt instances:   4
Circuit contains 9 nets.
Contents of circuit 2:  Circuit: 'sky130_fd_sc_hd__dlygate4sd3_1'
Circuit sky130_fd_sc_hd__dlygate4sd3_1 contains 8 device instances.
  Class: sky130_fd_pr__nfet_01v8 instances:   4
  Class: sky130_fd_pr__pfet_01v8_hvt instances:   4
Circuit contains 9 nets.

Circuit 1 contains 8 devices, Circuit 2 contains 8 devices.
Circuit 1 contains 9 nets,    Circuit 2 contains 9 nets.


Contents of circuit 1:  Circuit: 'sky130_fd_sc_hd__buf_12'
Circuit sky130_fd_sc_hd__buf_12 contains 4 device instances.
  Class: sky130_fd_pr__nfet_01v8 instances:   2
  Class: sky130_fd_pr__pfet_01v8_hvt instances:   2
Circuit contains 7 nets.
Contents of circuit 2:  Circuit: 'sky130_fd_sc_hd__buf_12'
Circuit sky130_fd_sc_hd__buf_12 contains 32 device instances.
  Class: sky130_fd_pr__nfet_01v8 instances:  16
  Class: sky130_fd_pr__pfet_01v8_hvt instances:  16
Circuit contains 7 nets.

Circuit was modified by parallel/series device merging.
New circuit summary:

Contents of circuit 1:  Circuit: 'sky130_fd_sc_hd__buf_12'
Circuit sky130_fd_sc_hd__buf_12 contains 4 device instances.
  Class: sky130_fd_pr__nfet_01v8 instances:   2
  Class: sky130_fd_pr__pfet_01v8_hvt instances:   2
Circuit contains 7 nets.
Contents of circuit 2:  Circuit: 'sky130_fd_sc_hd__buf_12'
Circuit sky130_fd_sc_hd__buf_12 contains 4 device instances.
  Class: sky130_fd_pr__nfet_01v8 instances:   2
  Class: sky130_fd_pr__pfet_01v8_hvt instances:   2
Circuit contains 7 nets.

Circuit 1 contains 4 devices, Circuit 2 contains 4 devices.
Circuit 1 contains 7 nets,    Circuit 2 contains 7 nets.


Contents of circuit 1:  Circuit: 'sky130_fd_sc_hd__dfrtp_4'
Circuit sky130_fd_sc_hd__dfrtp_4 contains 28 device instances.
  Class: sky130_fd_pr__nfet_01v8 instances:  14
  Class: sky130_fd_pr__pfet_01v8_hvt instances:  14
Circuit contains 21 nets.
Contents of circuit 2:  Circuit: 'sky130_fd_sc_hd__dfrtp_4'
Circuit sky130_fd_sc_hd__dfrtp_4 contains 34 device instances.
  Class: sky130_fd_pr__nfet_01v8 instances:  17
  Class: sky130_fd_pr__pfet_01v8_hvt instances:  17
Circuit contains 21 nets.

Circuit was modified by parallel/series device merging.
New circuit summary:

Contents of circuit 1:  Circuit: 'sky130_fd_sc_hd__dfrtp_4'
Circuit sky130_fd_sc_hd__dfrtp_4 contains 28 device instances.
  Class: sky130_fd_pr__nfet_01v8 instances:  14
  Class: sky130_fd_pr__pfet_01v8_hvt instances:  14
Circuit contains 21 nets.
Contents of circuit 2:  Circuit: 'sky130_fd_sc_hd__dfrtp_4'
Circuit sky130_fd_sc_hd__dfrtp_4 contains 28 device instances.
  Class: sky130_fd_pr__nfet_01v8 instances:  14
  Class: sky130_fd_pr__pfet_01v8_hvt instances:  14
Circuit contains 21 nets.

Circuit 1 contains 28 devices, Circuit 2 contains 28 devices.
Circuit 1 contains 21 nets,    Circuit 2 contains 21 nets.


Contents of circuit 1:  Circuit: 'sky130_fd_sc_hd__clkbuf_8'
Circuit sky130_fd_sc_hd__clkbuf_8 contains 4 device instances.
  Class: sky130_fd_pr__nfet_01v8 instances:   2
  Class: sky130_fd_pr__pfet_01v8_hvt instances:   2
Circuit contains 7 nets.
Contents of circuit 2:  Circuit: 'sky130_fd_sc_hd__clkbuf_8'
Circuit sky130_fd_sc_hd__clkbuf_8 contains 20 device instances.
  Class: sky130_fd_pr__nfet_01v8 instances:  10
  Class: sky130_fd_pr__pfet_01v8_hvt instances:  10
Circuit contains 7 nets.

Circuit was modified by parallel/series device merging.
New circuit summary:

Contents of circuit 1:  Circuit: 'sky130_fd_sc_hd__clkbuf_8'
Circuit sky130_fd_sc_hd__clkbuf_8 contains 4 device instances.
  Class: sky130_fd_pr__nfet_01v8 instances:   2
  Class: sky130_fd_pr__pfet_01v8_hvt instances:   2
Circuit contains 7 nets.
Contents of circuit 2:  Circuit: 'sky130_fd_sc_hd__clkbuf_8'
Circuit sky130_fd_sc_hd__clkbuf_8 contains 4 device instances.
  Class: sky130_fd_pr__nfet_01v8 instances:   2
  Class: sky130_fd_pr__pfet_01v8_hvt instances:   2
Circuit contains 7 nets.

Circuit 1 contains 4 devices, Circuit 2 contains 4 devices.
Circuit 1 contains 7 nets,    Circuit 2 contains 7 nets.


Contents of circuit 1:  Circuit: 'sky130_fd_sc_hd__dfrtp_1'
Circuit sky130_fd_sc_hd__dfrtp_1 contains 28 device instances.
  Class: sky130_fd_pr__nfet_01v8 instances:  14
  Class: sky130_fd_pr__pfet_01v8_hvt instances:  14
Circuit contains 21 nets.
Contents of circuit 2:  Circuit: 'sky130_fd_sc_hd__dfrtp_1'
Circuit sky130_fd_sc_hd__dfrtp_1 contains 28 device instances.
  Class: sky130_fd_pr__nfet_01v8 instances:  14
  Class: sky130_fd_pr__pfet_01v8_hvt instances:  14
Circuit contains 21 nets.

Circuit 1 contains 28 devices, Circuit 2 contains 28 devices.
Circuit 1 contains 21 nets,    Circuit 2 contains 21 nets.


Contents of circuit 1:  Circuit: 'sky130_fd_sc_hd__clkbuf_2'
Circuit sky130_fd_sc_hd__clkbuf_2 contains 4 device instances.
  Class: sky130_fd_pr__nfet_01v8 instances:   2
  Class: sky130_fd_pr__pfet_01v8_hvt instances:   2
Circuit contains 7 nets.
Contents of circuit 2:  Circuit: 'sky130_fd_sc_hd__clkbuf_2'
Circuit sky130_fd_sc_hd__clkbuf_2 contains 6 device instances.
  Class: sky130_fd_pr__nfet_01v8 instances:   3
  Class: sky130_fd_pr__pfet_01v8_hvt instances:   3
Circuit contains 7 nets.

Circuit was modified by parallel/series device merging.
New circuit summary:

Contents of circuit 1:  Circuit: 'sky130_fd_sc_hd__clkbuf_2'
Circuit sky130_fd_sc_hd__clkbuf_2 contains 4 device instances.
  Class: sky130_fd_pr__nfet_01v8 instances:   2
  Class: sky130_fd_pr__pfet_01v8_hvt instances:   2
Circuit contains 7 nets.
Contents of circuit 2:  Circuit: 'sky130_fd_sc_hd__clkbuf_2'
Circuit sky130_fd_sc_hd__clkbuf_2 contains 4 device instances.
  Class: sky130_fd_pr__nfet_01v8 instances:   2
  Class: sky130_fd_pr__pfet_01v8_hvt instances:   2
Circuit contains 7 nets.

Circuit 1 contains 4 devices, Circuit 2 contains 4 devices.
Circuit 1 contains 7 nets,    Circuit 2 contains 7 nets.


Contents of circuit 1:  Circuit: 'sky130_fd_sc_hd__buf_4'
Circuit sky130_fd_sc_hd__buf_4 contains 4 device instances.
  Class: sky130_fd_pr__nfet_01v8 instances:   2
  Class: sky130_fd_pr__pfet_01v8_hvt instances:   2
Circuit contains 7 nets.
Contents of circuit 2:  Circuit: 'sky130_fd_sc_hd__buf_4'
Circuit sky130_fd_sc_hd__buf_4 contains 10 device instances.
  Class: sky130_fd_pr__nfet_01v8 instances:   5
  Class: sky130_fd_pr__pfet_01v8_hvt instances:   5
Circuit contains 7 nets.

Circuit was modified by parallel/series device merging.
New circuit summary:

Contents of circuit 1:  Circuit: 'sky130_fd_sc_hd__buf_4'
Circuit sky130_fd_sc_hd__buf_4 contains 4 device instances.
  Class: sky130_fd_pr__nfet_01v8 instances:   2
  Class: sky130_fd_pr__pfet_01v8_hvt instances:   2
Circuit contains 7 nets.
Contents of circuit 2:  Circuit: 'sky130_fd_sc_hd__buf_4'
Circuit sky130_fd_sc_hd__buf_4 contains 4 device instances.
  Class: sky130_fd_pr__nfet_01v8 instances:   2
  Class: sky130_fd_pr__pfet_01v8_hvt instances:   2
Circuit contains 7 nets.

Circuit 1 contains 4 devices, Circuit 2 contains 4 devices.
Circuit 1 contains 7 nets,    Circuit 2 contains 7 nets.


Contents of circuit 1:  Circuit: 'sky130_fd_sc_hd__buf_8'
Circuit sky130_fd_sc_hd__buf_8 contains 4 device instances.
  Class: sky130_fd_pr__nfet_01v8 instances:   2
  Class: sky130_fd_pr__pfet_01v8_hvt instances:   2
Circuit contains 7 nets.
Contents of circuit 2:  Circuit: 'sky130_fd_sc_hd__buf_8'
Circuit sky130_fd_sc_hd__buf_8 contains 22 device instances.
  Class: sky130_fd_pr__nfet_01v8 instances:  11
  Class: sky130_fd_pr__pfet_01v8_hvt instances:  11
Circuit contains 7 nets.

Circuit was modified by parallel/series device merging.
New circuit summary:

Contents of circuit 1:  Circuit: 'sky130_fd_sc_hd__buf_8'
Circuit sky130_fd_sc_hd__buf_8 contains 4 device instances.
  Class: sky130_fd_pr__nfet_01v8 instances:   2
  Class: sky130_fd_pr__pfet_01v8_hvt instances:   2
Circuit contains 7 nets.
Contents of circuit 2:  Circuit: 'sky130_fd_sc_hd__buf_8'
Circuit sky130_fd_sc_hd__buf_8 contains 4 device instances.
  Class: sky130_fd_pr__nfet_01v8 instances:   2
  Class: sky130_fd_pr__pfet_01v8_hvt instances:   2
Circuit contains 7 nets.

Circuit 1 contains 4 devices, Circuit 2 contains 4 devices.
Circuit 1 contains 7 nets,    Circuit 2 contains 7 nets.


Contents of circuit 1:  Circuit: 'sky130_fd_sc_hd__clkbuf_16'
Circuit sky130_fd_sc_hd__clkbuf_16 contains 4 device instances.
  Class: sky130_fd_pr__nfet_01v8 instances:   2
  Class: sky130_fd_pr__pfet_01v8_hvt instances:   2
Circuit contains 7 nets.
Contents of circuit 2:  Circuit: 'sky130_fd_sc_hd__clkbuf_16'
Circuit sky130_fd_sc_hd__clkbuf_16 contains 40 device instances.
  Class: sky130_fd_pr__nfet_01v8 instances:  20
  Class: sky130_fd_pr__pfet_01v8_hvt instances:  20
Circuit contains 7 nets.

Circuit was modified by parallel/series device merging.
New circuit summary:

Contents of circuit 1:  Circuit: 'sky130_fd_sc_hd__clkbuf_16'
Circuit sky130_fd_sc_hd__clkbuf_16 contains 4 device instances.
  Class: sky130_fd_pr__nfet_01v8 instances:   2
  Class: sky130_fd_pr__pfet_01v8_hvt instances:   2
Circuit contains 7 nets.
Contents of circuit 2:  Circuit: 'sky130_fd_sc_hd__clkbuf_16'
Circuit sky130_fd_sc_hd__clkbuf_16 contains 4 device instances.
  Class: sky130_fd_pr__nfet_01v8 instances:   2
  Class: sky130_fd_pr__pfet_01v8_hvt instances:   2
Circuit contains 7 nets.

Circuit 1 contains 4 devices, Circuit 2 contains 4 devices.
Circuit 1 contains 7 nets,    Circuit 2 contains 7 nets.


Contents of circuit 1:  Circuit: 'sky130_fd_sc_hd__clkbuf_4'
Circuit sky130_fd_sc_hd__clkbuf_4 contains 4 device instances.
  Class: sky130_fd_pr__nfet_01v8 instances:   2
  Class: sky130_fd_pr__pfet_01v8_hvt instances:   2
Circuit contains 7 nets.
Contents of circuit 2:  Circuit: 'sky130_fd_sc_hd__clkbuf_4'
Circuit sky130_fd_sc_hd__clkbuf_4 contains 10 device instances.
  Class: sky130_fd_pr__nfet_01v8 instances:   5
  Class: sky130_fd_pr__pfet_01v8_hvt instances:   5
Circuit contains 7 nets.

Circuit was modified by parallel/series device merging.
New circuit summary:

Contents of circuit 1:  Circuit: 'sky130_fd_sc_hd__clkbuf_4'
Circuit sky130_fd_sc_hd__clkbuf_4 contains 4 device instances.
  Class: sky130_fd_pr__nfet_01v8 instances:   2
  Class: sky130_fd_pr__pfet_01v8_hvt instances:   2
Circuit contains 7 nets.
Contents of circuit 2:  Circuit: 'sky130_fd_sc_hd__clkbuf_4'
Circuit sky130_fd_sc_hd__clkbuf_4 contains 4 device instances.
  Class: sky130_fd_pr__nfet_01v8 instances:   2
  Class: sky130_fd_pr__pfet_01v8_hvt instances:   2
Circuit contains 7 nets.

Circuit 1 contains 4 devices, Circuit 2 contains 4 devices.
Circuit 1 contains 7 nets,    Circuit 2 contains 7 nets.


Contents of circuit 1:  Circuit: 'sky130_fd_sc_hd__dfrtp_2'
Circuit sky130_fd_sc_hd__dfrtp_2 contains 28 device instances.
  Class: sky130_fd_pr__nfet_01v8 instances:  14
  Class: sky130_fd_pr__pfet_01v8_hvt instances:  14
Circuit contains 21 nets.
Contents of circuit 2:  Circuit: 'sky130_fd_sc_hd__dfrtp_2'
Circuit sky130_fd_sc_hd__dfrtp_2 contains 30 device instances.
  Class: sky130_fd_pr__nfet_01v8 instances:  15
  Class: sky130_fd_pr__pfet_01v8_hvt instances:  15
Circuit contains 21 nets.

Circuit was modified by parallel/series device merging.
New circuit summary:

Contents of circuit 1:  Circuit: 'sky130_fd_sc_hd__dfrtp_2'
Circuit sky130_fd_sc_hd__dfrtp_2 contains 28 device instances.
  Class: sky130_fd_pr__nfet_01v8 instances:  14
  Class: sky130_fd_pr__pfet_01v8_hvt instances:  14
Circuit contains 21 nets.
Contents of circuit 2:  Circuit: 'sky130_fd_sc_hd__dfrtp_2'
Circuit sky130_fd_sc_hd__dfrtp_2 contains 28 device instances.
  Class: sky130_fd_pr__nfet_01v8 instances:  14
  Class: sky130_fd_pr__pfet_01v8_hvt instances:  14
Circuit contains 21 nets.

Circuit 1 contains 28 devices, Circuit 2 contains 28 devices.
Circuit 1 contains 21 nets,    Circuit 2 contains 21 nets.

Circuit user_proj_solar contains no devices.

Contents of circuit 1:  Circuit: 'user_project_wrapper'
Circuit user_project_wrapper contains 1 device instances.
  Class: user_proj_solar       instances:   1
Circuit contains 52 nets, and 593 disconnected pins.
Contents of circuit 2:  Circuit: 'user_project_wrapper'
Circuit user_project_wrapper contains 1 device instances.
  Class: user_proj_solar       instances:   1
Circuit contains 52 nets, and 593 disconnected pins.

Circuit 1 contains 1 devices, Circuit 2 contains 1 devices.
Circuit 1 contains 52 nets,    Circuit 2 contains 52 nets.


Final result: 
Circuits match uniquely.
.
Logging to file "/Users/karthikmb/Iceberg-dir/inventory/ikarthikmb-github/ai-design-congest-oct-2023/ai_solar_panel_monitor/lvs/user_project_wrapper/lvs_results/2023-11-05-17-59-20/tmp/lvs.report" disabled
LVS Done.
Warning: device level LVS may be incomplete due to 1 unflattened cell(s): see /Users/karthikmb/Iceberg-dir/inventory/ikarthikmb-github/ai-design-congest-oct-2023/ai_solar_panel_monitor/lvs/user_project_wrapper/lvs_results/2023-11-05-17-59-20/outputs/reports/lvs.unflattened
END: Sun 05 Nov 2023 06:10:45 PM UTC
Runtime: 0:01:38 (hh:mm:ss)
