#! /opt/local/bin/vvp
:ivl_version "11.0 (stable)" "(v11_0)";
:ivl_delay_selection "TYPICAL";
:vpi_time_precision + 0;
:vpi_module "/opt/local/lib/ivl/system.vpi";
:vpi_module "/opt/local/lib/ivl/vhdl_sys.vpi";
:vpi_module "/opt/local/lib/ivl/vhdl_textio.vpi";
:vpi_module "/opt/local/lib/ivl/v2005_math.vpi";
:vpi_module "/opt/local/lib/ivl/va_math.vpi";
S_0x118704080 .scope module, "user_proj_example" "user_proj_example" 2 18;
 .timescale 0 0;
    .port_info 0 /INPUT 1 "wb_clk_i";
    .port_info 1 /INPUT 1 "wb_rst_i";
    .port_info 2 /INPUT 1 "wbs_stb_i";
    .port_info 3 /INPUT 1 "wbs_cyc_i";
    .port_info 4 /INPUT 1 "wbs_we_i";
    .port_info 5 /INPUT 4 "wbs_sel_i";
    .port_info 6 /INPUT 32 "wbs_dat_i";
    .port_info 7 /INPUT 32 "wbs_adr_i";
    .port_info 8 /OUTPUT 1 "wbs_ack_o";
    .port_info 9 /OUTPUT 32 "wbs_dat_o";
    .port_info 10 /INPUT 128 "la_data_in";
    .port_info 11 /OUTPUT 128 "la_data_out";
    .port_info 12 /INPUT 128 "la_oenb";
    .port_info 13 /INPUT 16 "io_in";
    .port_info 14 /OUTPUT 16 "io_out";
    .port_info 15 /OUTPUT 16 "io_oeb";
    .port_info 16 /OUTPUT 3 "irq";
    .port_info 17 /INOUT 11 "analog_io";
P_0x600000e00000 .param/l "BITS" 0 2 19, +C4<00000000000000000000000000010000>;
L_0x130050010 .functor BUFT 1, C4<xxxxxxxxxxx>, C4<0>, C4<0>, C4<0>;
v0x60000290a640_0 .net *"_ivl_1", 10 0, L_0x130050010;  1 drivers
L_0x1300500e8 .functor BUFT 1, C4<0000>, C4<0>, C4<0>, C4<0>;
v0x60000290a6d0_0 .net/2u *"_ivl_10", 3 0, L_0x1300500e8;  1 drivers
v0x60000290a760_0 .net *"_ivl_3", 0 0, L_0x600002a08000;  1 drivers
o0x130018f70 .functor BUFZ 11, C4<zzzzzzzzzzz>; HiZ drive
v0x60000290a7f0_0 .net "analog_io", -10 0, o0x130018f70;  0 drivers
v0x60000290a880_0 .net "current_display", 11 0, L_0x600003008540;  1 drivers
v0x60000290a910_0 .net "efficiency_display", 11 0, L_0x600003008690;  1 drivers
o0x130018fa0 .functor BUFZ 16, C4<zzzzzzzzzzzzzzzz>; HiZ drive
v0x60000290a9a0_0 .net "io_in", 15 0, o0x130018fa0;  0 drivers
o0x130018fd0 .functor BUFZ 16, C4<zzzzzzzzzzzzzzzz>; HiZ drive
v0x60000290aa30_0 .net "io_oeb", 15 0, o0x130018fd0;  0 drivers
v0x60000290aac0_0 .net "io_out", 15 0, L_0x600002a08140;  1 drivers
o0x130019030 .functor BUFZ 3, C4<zzz>; HiZ drive
v0x60000290ab50_0 .net "irq", 2 0, o0x130019030;  0 drivers
o0x130019060 .functor BUFZ 128, C4<zzzzzzzzzzzzzzzzzzzzzzzzzzzzzzzzzzzzzzzzzzzzzzzzzzzzzzzzzzzzzzzzzzzzzzzzzzzzzzzzzzzzzzzzzzzzzzzzzzzzzzzzzzzzzzzzzzzzzzzzzzzzzzzz>; HiZ drive
v0x60000290abe0_0 .net "la_data_in", 127 0, o0x130019060;  0 drivers
o0x130019090 .functor BUFZ 128, C4<zzzzzzzzzzzzzzzzzzzzzzzzzzzzzzzzzzzzzzzzzzzzzzzzzzzzzzzzzzzzzzzzzzzzzzzzzzzzzzzzzzzzzzzzzzzzzzzzzzzzzzzzzzzzzzzzzzzzzzzzzzzzzzzz>; HiZ drive
v0x60000290ac70_0 .net "la_data_out", 127 0, o0x130019090;  0 drivers
o0x1300190c0 .functor BUFZ 128, C4<zzzzzzzzzzzzzzzzzzzzzzzzzzzzzzzzzzzzzzzzzzzzzzzzzzzzzzzzzzzzzzzzzzzzzzzzzzzzzzzzzzzzzzzzzzzzzzzzzzzzzzzzzzzzzzzzzzzzzzzzzzzzzzzz>; HiZ drive
v0x60000290ad00_0 .net "la_oenb", 127 0, o0x1300190c0;  0 drivers
v0x60000290ad90_0 .net "mux5to1_out", 11 0, v0x6000029081b0_0;  1 drivers
v0x60000290ae20_0 .net "power_display", 11 0, L_0x6000030085b0;  1 drivers
v0x60000290aeb0_0 .var "select_signal", 2 0;
v0x60000290af40_0 .net "temperature_display", 11 0, L_0x600003008620;  1 drivers
v0x60000290afd0_0 .net "voltage_display", 11 0, L_0x6000030084d0;  1 drivers
o0x1300182b0 .functor BUFZ 1, C4<z>; HiZ drive
v0x60000290b060_0 .net "wb_clk_i", 0 0, o0x1300182b0;  0 drivers
o0x130018370 .functor BUFZ 1, C4<z>; HiZ drive
v0x60000290b0f0_0 .net "wb_rst_i", 0 0, o0x130018370;  0 drivers
o0x1300190f0 .functor BUFZ 1, C4<z>; HiZ drive
v0x60000290b180_0 .net "wbs_ack_o", 0 0, o0x1300190f0;  0 drivers
o0x130019120 .functor BUFZ 32, C4<zzzzzzzzzzzzzzzzzzzzzzzzzzzzzzzz>; HiZ drive
v0x60000290b210_0 .net "wbs_adr_i", 31 0, o0x130019120;  0 drivers
o0x130019150 .functor BUFZ 1, C4<z>; HiZ drive
v0x60000290b2a0_0 .net "wbs_cyc_i", 0 0, o0x130019150;  0 drivers
o0x130019180 .functor BUFZ 32, C4<zzzzzzzzzzzzzzzzzzzzzzzzzzzzzzzz>; HiZ drive
v0x60000290b330_0 .net "wbs_dat_i", 31 0, o0x130019180;  0 drivers
o0x1300191b0 .functor BUFZ 32, C4<zzzzzzzzzzzzzzzzzzzzzzzzzzzzzzzz>; HiZ drive
v0x60000290b3c0_0 .net "wbs_dat_o", 31 0, o0x1300191b0;  0 drivers
o0x1300191e0 .functor BUFZ 4, C4<zzzz>; HiZ drive
v0x60000290b450_0 .net "wbs_sel_i", 3 0, o0x1300191e0;  0 drivers
o0x130019210 .functor BUFZ 1, C4<z>; HiZ drive
v0x60000290b4e0_0 .net "wbs_stb_i", 0 0, o0x130019210;  0 drivers
o0x130019240 .functor BUFZ 1, C4<z>; HiZ drive
v0x60000290b570_0 .net "wbs_we_i", 0 0, o0x130019240;  0 drivers
L_0x600002a08000 .part o0x130018f70, 0, 1;
L_0x600002a080a0 .concat [ 11 1 0 0], L_0x130050010, L_0x600002a08000;
L_0x600002a08140 .concat [ 12 4 0 0], v0x6000029081b0_0, L_0x1300500e8;
S_0x1187043a0 .scope module, "display_mux" "mux_5to1" 2 78, 2 101 0, S_0x118704080;
 .timescale 0 0;
    .port_info 0 /INPUT 3 "select";
    .port_info 1 /INPUT 12 "voltage_display";
    .port_info 2 /INPUT 12 "current_display";
    .port_info 3 /INPUT 12 "power_display";
    .port_info 4 /INPUT 12 "temperature_display";
    .port_info 5 /INPUT 12 "efficiency_display";
    .port_info 6 /OUTPUT 12 "mux";
v0x600002908090_0 .net "current_display", 11 0, L_0x600003008540;  alias, 1 drivers
v0x600002908120_0 .net "efficiency_display", 11 0, L_0x600003008690;  alias, 1 drivers
v0x6000029081b0_0 .var "mux", 11 0;
v0x600002908240_0 .net "power_display", 11 0, L_0x6000030085b0;  alias, 1 drivers
v0x6000029082d0_0 .net "select", 2 0, v0x60000290aeb0_0;  1 drivers
v0x600002908360_0 .net "temperature_display", 11 0, L_0x600003008620;  alias, 1 drivers
v0x6000029083f0_0 .net "voltage_display", 11 0, L_0x6000030084d0;  alias, 1 drivers
E_0x60000150b4e0/0 .event edge, v0x6000029082d0_0, v0x6000029083f0_0, v0x600002908090_0, v0x600002908240_0;
E_0x60000150b4e0/1 .event edge, v0x600002908360_0, v0x600002908120_0;
E_0x60000150b4e0 .event/or E_0x60000150b4e0/0, E_0x60000150b4e0/1;
S_0x118704510 .scope module, "solar_monitor" "ai_solar_panel_monitor" 2 62, 3 1 0, S_0x118704080;
 .timescale 0 0;
    .port_info 0 /INPUT 1 "clk";
    .port_info 1 /INPUT 1 "reset";
    .port_info 2 /INPUT 12 "voltage";
    .port_info 3 /INPUT 12 "current";
    .port_info 4 /INPUT 12 "temperature";
    .port_info 5 /OUTPUT 12 "voltage_display";
    .port_info 6 /OUTPUT 12 "current_display";
    .port_info 7 /OUTPUT 12 "power_display";
    .port_info 8 /OUTPUT 12 "temperature_display";
    .port_info 9 /OUTPUT 12 "efficiency_display";
L_0x6000030084d0 .functor BUFZ 12, v0x6000029093b0_0, C4<000000000000>, C4<000000000000>, C4<000000000000>;
L_0x600003008540 .functor BUFZ 12, v0x600002908c60_0, C4<000000000000>, C4<000000000000>, C4<000000000000>;
L_0x6000030085b0 .functor BUFZ 12, v0x600002908fc0_0, C4<000000000000>, C4<000000000000>, C4<000000000000>;
L_0x600003008620 .functor BUFZ 12, v0x600002909200_0, C4<000000000000>, C4<000000000000>, C4<000000000000>;
L_0x600003008690 .functor BUFZ 12, v0x600002908e10_0, C4<000000000000>, C4<000000000000>, C4<000000000000>;
v0x600002909a70_0 .net "adc_current_out", 11 0, L_0x600003008070;  1 drivers
v0x600002909b00_0 .net "adc_temperature_out", 11 0, L_0x6000030080e0;  1 drivers
v0x600002909b90_0 .net "adc_voltage_out", 11 0, L_0x600003008000;  1 drivers
v0x600002909c20_0 .net "clk", 0 0, o0x1300182b0;  alias, 0 drivers
L_0x130050058 .functor BUFT 1, C4<xxxxxxxxxxxx>, C4<0>, C4<0>, C4<0>;
v0x600002909cb0_0 .net "current", 11 0, L_0x130050058;  1 drivers
v0x600002909d40_0 .net "current_display", 11 0, L_0x600003008540;  alias, 1 drivers
v0x600002909dd0_0 .net "current_display_out", 11 0, v0x600002908c60_0;  1 drivers
v0x600002909e60_0 .net "efficiency_display", 11 0, L_0x600003008690;  alias, 1 drivers
v0x600002909ef0_0 .net "efficiency_display_out", 11 0, v0x600002908e10_0;  1 drivers
v0x600002909f80_0 .net "mc_efficiency_out", 11 0, L_0x600003008230;  1 drivers
v0x60000290a010_0 .net "mc_power_out", 11 0, L_0x600003008150;  1 drivers
v0x60000290a0a0_0 .net "mc_temperature_out", 11 0, L_0x6000030081c0;  1 drivers
v0x60000290a130_0 .net "power_display", 11 0, L_0x6000030085b0;  alias, 1 drivers
v0x60000290a1c0_0 .net "power_display_out", 11 0, v0x600002908fc0_0;  1 drivers
v0x60000290a250_0 .net "reset", 0 0, o0x130018370;  alias, 0 drivers
L_0x1300500a0 .functor BUFT 1, C4<xxxxxxxxxxxx>, C4<0>, C4<0>, C4<0>;
v0x60000290a2e0_0 .net "temperature", 11 0, L_0x1300500a0;  1 drivers
v0x60000290a370_0 .net "temperature_display", 11 0, L_0x600003008620;  alias, 1 drivers
v0x60000290a400_0 .net "temperature_display_out", 11 0, v0x600002909200_0;  1 drivers
v0x60000290a490_0 .net "voltage", 11 0, L_0x600002a080a0;  1 drivers
v0x60000290a520_0 .net "voltage_display", 11 0, L_0x6000030084d0;  alias, 1 drivers
v0x60000290a5b0_0 .net "voltage_display_out", 11 0, v0x6000029093b0_0;  1 drivers
S_0x118704680 .scope module, "adc_module" "adc" 3 32, 4 1 0, S_0x118704510;
 .timescale 0 0;
    .port_info 0 /INPUT 1 "clk";
    .port_info 1 /INPUT 1 "reset";
    .port_info 2 /INPUT 12 "voltage_in";
    .port_info 3 /INPUT 12 "current_in";
    .port_info 4 /INPUT 12 "temperature_in";
    .port_info 5 /OUTPUT 12 "voltage_out";
    .port_info 6 /OUTPUT 12 "current_out";
    .port_info 7 /OUTPUT 12 "temperature_out";
L_0x600003008000 .functor BUFZ 12, v0x600002908a20_0, C4<000000000000>, C4<000000000000>, C4<000000000000>;
L_0x600003008070 .functor BUFZ 12, v0x600002908630_0, C4<000000000000>, C4<000000000000>, C4<000000000000>;
L_0x6000030080e0 .functor BUFZ 12, v0x600002908870_0, C4<000000000000>, C4<000000000000>, C4<000000000000>;
v0x600002908480_0 .net "clk", 0 0, o0x1300182b0;  alias, 0 drivers
v0x600002908510_0 .net "current_in", 11 0, L_0x130050058;  alias, 1 drivers
v0x6000029085a0_0 .net "current_out", 11 0, L_0x600003008070;  alias, 1 drivers
v0x600002908630_0 .var "current_reg", 11 0;
v0x6000029086c0_0 .net "reset", 0 0, o0x130018370;  alias, 0 drivers
v0x600002908750_0 .net "temperature_in", 11 0, L_0x1300500a0;  alias, 1 drivers
v0x6000029087e0_0 .net "temperature_out", 11 0, L_0x6000030080e0;  alias, 1 drivers
v0x600002908870_0 .var "temperature_reg", 11 0;
v0x600002908900_0 .net "voltage_in", 11 0, L_0x600002a080a0;  alias, 1 drivers
v0x600002908990_0 .net "voltage_out", 11 0, L_0x600003008000;  alias, 1 drivers
v0x600002908a20_0 .var "voltage_reg", 11 0;
E_0x60000150b570 .event posedge, v0x6000029086c0_0, v0x600002908480_0;
S_0x1187047f0 .scope module, "display_module" "display" 3 58, 5 1 0, S_0x118704510;
 .timescale 0 0;
    .port_info 0 /INPUT 1 "clk";
    .port_info 1 /INPUT 1 "reset";
    .port_info 2 /INPUT 12 "voltage_in";
    .port_info 3 /INPUT 12 "current_in";
    .port_info 4 /INPUT 12 "power_in";
    .port_info 5 /INPUT 12 "temperature_in";
    .port_info 6 /INPUT 12 "efficiency_in";
    .port_info 7 /OUTPUT 12 "voltage_display";
    .port_info 8 /OUTPUT 12 "current_display";
    .port_info 9 /OUTPUT 12 "power_display";
    .port_info 10 /OUTPUT 12 "temperature_display";
    .port_info 11 /OUTPUT 12 "efficiency_display";
v0x600002908ab0_0 .net "clk", 0 0, o0x1300182b0;  alias, 0 drivers
v0x600002908b40_0 .net "current_display", 11 0, v0x600002908c60_0;  alias, 1 drivers
v0x600002908bd0_0 .net "current_in", 11 0, L_0x600003008070;  alias, 1 drivers
v0x600002908c60_0 .var "current_reg", 11 0;
v0x600002908cf0_0 .net "efficiency_display", 11 0, v0x600002908e10_0;  alias, 1 drivers
v0x600002908d80_0 .net "efficiency_in", 11 0, L_0x600003008230;  alias, 1 drivers
v0x600002908e10_0 .var "efficiency_reg", 11 0;
v0x600002908ea0_0 .net "power_display", 11 0, v0x600002908fc0_0;  alias, 1 drivers
v0x600002908f30_0 .net "power_in", 11 0, L_0x600003008150;  alias, 1 drivers
v0x600002908fc0_0 .var "power_reg", 11 0;
v0x600002909050_0 .net "reset", 0 0, o0x130018370;  alias, 0 drivers
v0x6000029090e0_0 .net "temperature_display", 11 0, v0x600002909200_0;  alias, 1 drivers
v0x600002909170_0 .net "temperature_in", 11 0, L_0x6000030081c0;  alias, 1 drivers
v0x600002909200_0 .var "temperature_reg", 11 0;
v0x600002909290_0 .net "voltage_display", 11 0, v0x6000029093b0_0;  alias, 1 drivers
v0x600002909320_0 .net "voltage_in", 11 0, L_0x600003008000;  alias, 1 drivers
v0x6000029093b0_0 .var "voltage_reg", 11 0;
S_0x118704a80 .scope module, "microcontroller_module" "microcontroller" 3 45, 6 1 0, S_0x118704510;
 .timescale 0 0;
    .port_info 0 /INPUT 1 "clk";
    .port_info 1 /INPUT 1 "reset";
    .port_info 2 /INPUT 12 "voltage_in";
    .port_info 3 /INPUT 12 "current_in";
    .port_info 4 /INPUT 12 "temperature_in";
    .port_info 5 /OUTPUT 12 "power_out";
    .port_info 6 /OUTPUT 12 "temperature_out";
    .port_info 7 /OUTPUT 12 "efficiency_out";
L_0x600003008150 .functor BUFZ 12, v0x600002909710_0, C4<000000000000>, C4<000000000000>, C4<000000000000>;
L_0x6000030081c0 .functor BUFZ 12, v0x600002909950_0, C4<000000000000>, C4<000000000000>, C4<000000000000>;
L_0x600003008230 .functor BUFZ 12, v0x6000029095f0_0, C4<000000000000>, C4<000000000000>, C4<000000000000>;
v0x600002909440_0 .net "clk", 0 0, o0x1300182b0;  alias, 0 drivers
v0x6000029094d0_0 .net "current_in", 11 0, L_0x600003008070;  alias, 1 drivers
v0x600002909560_0 .net "efficiency_out", 11 0, L_0x600003008230;  alias, 1 drivers
v0x6000029095f0_0 .var "efficiency_reg", 11 0;
v0x600002909680_0 .net "power_out", 11 0, L_0x600003008150;  alias, 1 drivers
v0x600002909710_0 .var "power_reg", 11 0;
v0x6000029097a0_0 .net "reset", 0 0, o0x130018370;  alias, 0 drivers
v0x600002909830_0 .net "temperature_in", 11 0, L_0x6000030080e0;  alias, 1 drivers
v0x6000029098c0_0 .net "temperature_out", 11 0, L_0x6000030081c0;  alias, 1 drivers
v0x600002909950_0 .var "temperature_reg", 11 0;
v0x6000029099e0_0 .net "voltage_in", 11 0, L_0x600003008000;  alias, 1 drivers
    .scope S_0x118704680;
T_0 ;
    %wait E_0x60000150b570;
    %load/vec4 v0x6000029086c0_0;
    %flag_set/vec4 8;
    %jmp/0xz  T_0.0, 8;
    %pushi/vec4 0, 0, 12;
    %assign/vec4 v0x600002908a20_0, 0;
    %pushi/vec4 0, 0, 12;
    %assign/vec4 v0x600002908630_0, 0;
    %pushi/vec4 0, 0, 12;
    %assign/vec4 v0x600002908870_0, 0;
    %jmp T_0.1;
T_0.0 ;
    %load/vec4 v0x600002908900_0;
    %assign/vec4 v0x600002908a20_0, 0;
    %load/vec4 v0x600002908510_0;
    %assign/vec4 v0x600002908630_0, 0;
    %load/vec4 v0x600002908750_0;
    %assign/vec4 v0x600002908870_0, 0;
T_0.1 ;
    %jmp T_0;
    .thread T_0;
    .scope S_0x118704a80;
T_1 ;
    %wait E_0x60000150b570;
    %load/vec4 v0x6000029097a0_0;
    %flag_set/vec4 8;
    %jmp/0xz  T_1.0, 8;
    %pushi/vec4 0, 0, 12;
    %assign/vec4 v0x600002909710_0, 0;
    %pushi/vec4 0, 0, 12;
    %assign/vec4 v0x600002909950_0, 0;
    %pushi/vec4 0, 0, 12;
    %assign/vec4 v0x6000029095f0_0, 0;
    %jmp T_1.1;
T_1.0 ;
    %load/vec4 v0x6000029099e0_0;
    %load/vec4 v0x6000029094d0_0;
    %mul;
    %assign/vec4 v0x600002909710_0, 0;
    %load/vec4 v0x600002909830_0;
    %assign/vec4 v0x600002909950_0, 0;
    %load/vec4 v0x600002909710_0;
    %load/vec4 v0x6000029099e0_0;
    %div;
    %assign/vec4 v0x6000029095f0_0, 0;
T_1.1 ;
    %jmp T_1;
    .thread T_1;
    .scope S_0x1187047f0;
T_2 ;
    %wait E_0x60000150b570;
    %load/vec4 v0x600002909050_0;
    %flag_set/vec4 8;
    %jmp/0xz  T_2.0, 8;
    %pushi/vec4 0, 0, 12;
    %assign/vec4 v0x6000029093b0_0, 0;
    %pushi/vec4 0, 0, 12;
    %assign/vec4 v0x600002908c60_0, 0;
    %pushi/vec4 0, 0, 12;
    %assign/vec4 v0x600002908fc0_0, 0;
    %pushi/vec4 0, 0, 12;
    %assign/vec4 v0x600002909200_0, 0;
    %pushi/vec4 0, 0, 12;
    %assign/vec4 v0x600002908e10_0, 0;
    %jmp T_2.1;
T_2.0 ;
    %load/vec4 v0x600002909320_0;
    %assign/vec4 v0x6000029093b0_0, 0;
    %load/vec4 v0x600002908bd0_0;
    %assign/vec4 v0x600002908c60_0, 0;
    %load/vec4 v0x600002908f30_0;
    %assign/vec4 v0x600002908fc0_0, 0;
    %load/vec4 v0x600002909170_0;
    %assign/vec4 v0x600002909200_0, 0;
    %load/vec4 v0x600002908d80_0;
    %assign/vec4 v0x600002908e10_0, 0;
T_2.1 ;
    %jmp T_2;
    .thread T_2;
    .scope S_0x1187043a0;
T_3 ;
    %wait E_0x60000150b4e0;
    %load/vec4 v0x6000029082d0_0;
    %dup/vec4;
    %pushi/vec4 0, 0, 3;
    %cmp/u;
    %jmp/1 T_3.0, 6;
    %dup/vec4;
    %pushi/vec4 1, 0, 3;
    %cmp/u;
    %jmp/1 T_3.1, 6;
    %dup/vec4;
    %pushi/vec4 2, 0, 3;
    %cmp/u;
    %jmp/1 T_3.2, 6;
    %dup/vec4;
    %pushi/vec4 3, 0, 3;
    %cmp/u;
    %jmp/1 T_3.3, 6;
    %dup/vec4;
    %pushi/vec4 4, 0, 3;
    %cmp/u;
    %jmp/1 T_3.4, 6;
    %dup/vec4;
    %pushi/vec4 5, 0, 3;
    %cmp/u;
    %jmp/1 T_3.5, 6;
    %pushi/vec4 0, 0, 12;
    %store/vec4 v0x6000029081b0_0, 0, 12;
    %jmp T_3.7;
T_3.0 ;
    %pushi/vec4 0, 0, 12;
    %store/vec4 v0x6000029081b0_0, 0, 12;
    %jmp T_3.7;
T_3.1 ;
    %load/vec4 v0x6000029083f0_0;
    %store/vec4 v0x6000029081b0_0, 0, 12;
    %jmp T_3.7;
T_3.2 ;
    %load/vec4 v0x600002908090_0;
    %store/vec4 v0x6000029081b0_0, 0, 12;
    %jmp T_3.7;
T_3.3 ;
    %load/vec4 v0x600002908240_0;
    %store/vec4 v0x6000029081b0_0, 0, 12;
    %jmp T_3.7;
T_3.4 ;
    %load/vec4 v0x600002908360_0;
    %store/vec4 v0x6000029081b0_0, 0, 12;
    %jmp T_3.7;
T_3.5 ;
    %load/vec4 v0x600002908120_0;
    %store/vec4 v0x6000029081b0_0, 0, 12;
    %jmp T_3.7;
T_3.7 ;
    %pop/vec4 1;
    %jmp T_3;
    .thread T_3, $push;
    .scope S_0x118704080;
T_4 ;
    %wait E_0x60000150b570;
    %load/vec4 v0x60000290b0f0_0;
    %flag_set/vec4 8;
    %jmp/0xz  T_4.0, 8;
    %pushi/vec4 0, 0, 3;
    %assign/vec4 v0x60000290aeb0_0, 0;
    %jmp T_4.1;
T_4.0 ;
    %load/vec4 v0x60000290aeb0_0;
    %addi 1, 0, 3;
    %assign/vec4 v0x60000290aeb0_0, 0;
T_4.1 ;
    %jmp T_4;
    .thread T_4;
# The file index is used to find the file name in the following table.
:file_names 7;
    "N/A";
    "<interactive>";
    "user_proj_example.v";
    "ai_solar_panel_monitor.v";
    "adc.v";
    "display.v";
    "microcontroller.v";
